[2020-01-31 05:27:47] laravel.EMERGENCY: Unable to create configured logger. Using emergency logger. {"exception":"[object] (InvalidArgumentException(code: 0): Log [default] is not defined. at /mnt/files/Desktop/datashaman/tongs/twig/vendor/illuminate/log/LogManager.php:192)
[stacktrace]
#0 /mnt/files/Desktop/datashaman/tongs/twig/vendor/illuminate/log/LogManager.php(118): Illuminate\\Log\\LogManager->resolve('default')
#1 /mnt/files/Desktop/datashaman/tongs/twig/vendor/illuminate/log/LogManager.php(98): Illuminate\\Log\\LogManager->get('default')
#2 /mnt/files/Desktop/datashaman/tongs/twig/vendor/illuminate/log/LogManager.php(591): Illuminate\\Log\\LogManager->driver()
#3 /mnt/files/Desktop/datashaman/tongs/twig/vendor/illuminate/support/Facades/Facade.php(261): Illuminate\\Log\\LogManager->info('Put file', Array)
#4 /mnt/files/Desktop/datashaman/tongs/twig/vendor/datashaman/tongs/app/Tongs.php(399): Illuminate\\Support\\Facades\\Facade::__callStatic('info', Array)
#5 /mnt/files/Desktop/datashaman/tongs/twig/vendor/datashaman/tongs/app/Tongs.php(360): Datashaman\\Tongs\\Tongs->writeFile('index.md', Array)
#6 /mnt/files/Desktop/datashaman/tongs/twig/vendor/datashaman/tongs/app/Tongs.php(265): Datashaman\\Tongs\\Tongs->write(Array)
#7 /mnt/files/Desktop/datashaman/tongs/twig/tests/TwigPluginTest.php(18): Datashaman\\Tongs\\Tongs->build()
#8 /mnt/files/Desktop/datashaman/tongs/twig/vendor/phpunit/phpunit/src/Framework/TestCase.php(1408): Datashaman\\Tongs\\Plugins\\Tests\\TwigPluginTest->testHandle()
#9 /mnt/files/Desktop/datashaman/tongs/twig/vendor/phpunit/phpunit/src/Framework/TestCase.php(1028): PHPUnit\\Framework\\TestCase->runTest()
#10 /mnt/files/Desktop/datashaman/tongs/twig/vendor/phpunit/phpunit/src/Framework/TestResult.php(691): PHPUnit\\Framework\\TestCase->runBare()
#11 /mnt/files/Desktop/datashaman/tongs/twig/vendor/phpunit/phpunit/src/Framework/TestCase.php(756): PHPUnit\\Framework\\TestResult->run(Object(Datashaman\\Tongs\\Plugins\\Tests\\TwigPluginTest))
#12 /mnt/files/Desktop/datashaman/tongs/twig/vendor/phpunit/phpunit/src/Framework/TestSuite.php(597): PHPUnit\\Framework\\TestCase->run(Object(PHPUnit\\Framework\\TestResult))
#13 /mnt/files/Desktop/datashaman/tongs/twig/vendor/phpunit/phpunit/src/Framework/TestSuite.php(597): PHPUnit\\Framework\\TestSuite->run(Object(PHPUnit\\Framework\\TestResult))
#14 /mnt/files/Desktop/datashaman/tongs/twig/vendor/phpunit/phpunit/src/TextUI/TestRunner.php(621): PHPUnit\\Framework\\TestSuite->run(Object(PHPUnit\\Framework\\TestResult))
#15 /mnt/files/Desktop/datashaman/tongs/twig/vendor/phpunit/phpunit/src/TextUI/Command.php(200): PHPUnit\\TextUI\\TestRunner->doRun(Object(PHPUnit\\Framework\\TestSuite), Array, true)
#16 /mnt/files/Desktop/datashaman/tongs/twig/vendor/phpunit/phpunit/src/TextUI/Command.php(159): PHPUnit\\TextUI\\Command->run(Array, true)
#17 /mnt/files/Desktop/datashaman/tongs/twig/vendor/phpunit/phpunit/phpunit(61): PHPUnit\\TextUI\\Command::main()
#18 {main}
"} 
[2020-01-31 05:27:47] laravel.INFO: Put file {"path":"index.md","result":true} 
[2020-01-31 05:30:33] laravel.EMERGENCY: Unable to create configured logger. Using emergency logger. {"exception":"[object] (InvalidArgumentException(code: 0): Log [default] is not defined. at /mnt/files/Desktop/datashaman/tongs/twig/vendor/illuminate/log/LogManager.php:192)
[stacktrace]
#0 /mnt/files/Desktop/datashaman/tongs/twig/vendor/illuminate/log/LogManager.php(118): Illuminate\\Log\\LogManager->resolve('default')
#1 /mnt/files/Desktop/datashaman/tongs/twig/vendor/illuminate/log/LogManager.php(98): Illuminate\\Log\\LogManager->get('default')
#2 /mnt/files/Desktop/datashaman/tongs/twig/vendor/illuminate/log/LogManager.php(591): Illuminate\\Log\\LogManager->driver()
#3 /mnt/files/Desktop/datashaman/tongs/twig/vendor/illuminate/support/Facades/Facade.php(261): Illuminate\\Log\\LogManager->info('Put file', Array)
#4 /mnt/files/Desktop/datashaman/tongs/twig/vendor/datashaman/tongs/app/Tongs.php(399): Illuminate\\Support\\Facades\\Facade::__callStatic('info', Array)
#5 /mnt/files/Desktop/datashaman/tongs/twig/vendor/datashaman/tongs/app/Tongs.php(360): Datashaman\\Tongs\\Tongs->writeFile('index.md', Array)
#6 /mnt/files/Desktop/datashaman/tongs/twig/vendor/datashaman/tongs/app/Tongs.php(265): Datashaman\\Tongs\\Tongs->write(Array)
#7 /mnt/files/Desktop/datashaman/tongs/twig/tests/TwigPluginTest.php(18): Datashaman\\Tongs\\Tongs->build()
#8 /mnt/files/Desktop/datashaman/tongs/twig/vendor/phpunit/phpunit/src/Framework/TestCase.php(1408): Datashaman\\Tongs\\Plugins\\Tests\\TwigPluginTest->testHandle()
#9 /mnt/files/Desktop/datashaman/tongs/twig/vendor/phpunit/phpunit/src/Framework/TestCase.php(1028): PHPUnit\\Framework\\TestCase->runTest()
#10 /mnt/files/Desktop/datashaman/tongs/twig/vendor/phpunit/phpunit/src/Framework/TestResult.php(691): PHPUnit\\Framework\\TestCase->runBare()
#11 /mnt/files/Desktop/datashaman/tongs/twig/vendor/phpunit/phpunit/src/Framework/TestCase.php(756): PHPUnit\\Framework\\TestResult->run(Object(Datashaman\\Tongs\\Plugins\\Tests\\TwigPluginTest))
#12 /mnt/files/Desktop/datashaman/tongs/twig/vendor/phpunit/phpunit/src/Framework/TestSuite.php(597): PHPUnit\\Framework\\TestCase->run(Object(PHPUnit\\Framework\\TestResult))
#13 /mnt/files/Desktop/datashaman/tongs/twig/vendor/phpunit/phpunit/src/Framework/TestSuite.php(597): PHPUnit\\Framework\\TestSuite->run(Object(PHPUnit\\Framework\\TestResult))
#14 /mnt/files/Desktop/datashaman/tongs/twig/vendor/phpunit/phpunit/src/TextUI/TestRunner.php(621): PHPUnit\\Framework\\TestSuite->run(Object(PHPUnit\\Framework\\TestResult))
#15 /mnt/files/Desktop/datashaman/tongs/twig/vendor/phpunit/phpunit/src/TextUI/Command.php(200): PHPUnit\\TextUI\\TestRunner->doRun(Object(PHPUnit\\Framework\\TestSuite), Array, true)
#16 /mnt/files/Desktop/datashaman/tongs/twig/vendor/phpunit/phpunit/src/TextUI/Command.php(159): PHPUnit\\TextUI\\Command->run(Array, true)
#17 /mnt/files/Desktop/datashaman/tongs/twig/vendor/phpunit/phpunit/phpunit(61): PHPUnit\\TextUI\\Command::main()
#18 {main}
"} 
[2020-01-31 05:30:33] laravel.INFO: Put file {"path":"index.md","result":true} 
[2020-01-31 05:32:19] laravel.EMERGENCY: Unable to create configured logger. Using emergency logger. {"exception":"[object] (InvalidArgumentException(code: 0): Log [default] is not defined. at /mnt/files/Desktop/datashaman/tongs/twig/vendor/illuminate/log/LogManager.php:192)
[stacktrace]
#0 /mnt/files/Desktop/datashaman/tongs/twig/vendor/illuminate/log/LogManager.php(118): Illuminate\\Log\\LogManager->resolve('default')
#1 /mnt/files/Desktop/datashaman/tongs/twig/vendor/illuminate/log/LogManager.php(98): Illuminate\\Log\\LogManager->get('default')
#2 /mnt/files/Desktop/datashaman/tongs/twig/vendor/illuminate/log/LogManager.php(591): Illuminate\\Log\\LogManager->driver()
#3 /mnt/files/Desktop/datashaman/tongs/twig/vendor/illuminate/support/Facades/Facade.php(261): Illuminate\\Log\\LogManager->info('Put file', Array)
#4 /mnt/files/Desktop/datashaman/tongs/twig/vendor/datashaman/tongs/app/Tongs.php(399): Illuminate\\Support\\Facades\\Facade::__callStatic('info', Array)
#5 /mnt/files/Desktop/datashaman/tongs/twig/vendor/datashaman/tongs/app/Tongs.php(360): Datashaman\\Tongs\\Tongs->writeFile('index.md', Array)
#6 /mnt/files/Desktop/datashaman/tongs/twig/vendor/datashaman/tongs/app/Tongs.php(265): Datashaman\\Tongs\\Tongs->write(Array)
#7 /mnt/files/Desktop/datashaman/tongs/twig/tests/TwigPluginTest.php(18): Datashaman\\Tongs\\Tongs->build()
#8 /mnt/files/Desktop/datashaman/tongs/twig/vendor/phpunit/phpunit/src/Framework/TestCase.php(1408): Datashaman\\Tongs\\Plugins\\Tests\\TwigPluginTest->testHandle()
#9 /mnt/files/Desktop/datashaman/tongs/twig/vendor/phpunit/phpunit/src/Framework/TestCase.php(1028): PHPUnit\\Framework\\TestCase->runTest()
#10 /mnt/files/Desktop/datashaman/tongs/twig/vendor/phpunit/phpunit/src/Framework/TestResult.php(691): PHPUnit\\Framework\\TestCase->runBare()
#11 /mnt/files/Desktop/datashaman/tongs/twig/vendor/phpunit/phpunit/src/Framework/TestCase.php(756): PHPUnit\\Framework\\TestResult->run(Object(Datashaman\\Tongs\\Plugins\\Tests\\TwigPluginTest))
#12 /mnt/files/Desktop/datashaman/tongs/twig/vendor/phpunit/phpunit/src/Framework/TestSuite.php(597): PHPUnit\\Framework\\TestCase->run(Object(PHPUnit\\Framework\\TestResult))
#13 /mnt/files/Desktop/datashaman/tongs/twig/vendor/phpunit/phpunit/src/Framework/TestSuite.php(597): PHPUnit\\Framework\\TestSuite->run(Object(PHPUnit\\Framework\\TestResult))
#14 /mnt/files/Desktop/datashaman/tongs/twig/vendor/phpunit/phpunit/src/TextUI/TestRunner.php(621): PHPUnit\\Framework\\TestSuite->run(Object(PHPUnit\\Framework\\TestResult))
#15 /mnt/files/Desktop/datashaman/tongs/twig/vendor/phpunit/phpunit/src/TextUI/Command.php(200): PHPUnit\\TextUI\\TestRunner->doRun(Object(PHPUnit\\Framework\\TestSuite), Array, true)
#16 /mnt/files/Desktop/datashaman/tongs/twig/vendor/phpunit/phpunit/src/TextUI/Command.php(159): PHPUnit\\TextUI\\Command->run(Array, true)
#17 /mnt/files/Desktop/datashaman/tongs/twig/vendor/phpunit/phpunit/phpunit(61): PHPUnit\\TextUI\\Command::main()
#18 {main}
"} 
[2020-01-31 05:32:19] laravel.INFO: Put file {"path":"index.md","result":true} 
[2020-01-31 05:32:45] laravel.EMERGENCY: Unable to create configured logger. Using emergency logger. {"exception":"[object] (InvalidArgumentException(code: 0): Log [default] is not defined. at /mnt/files/Desktop/datashaman/tongs/twig/vendor/illuminate/log/LogManager.php:192)
[stacktrace]
#0 /mnt/files/Desktop/datashaman/tongs/twig/vendor/illuminate/log/LogManager.php(118): Illuminate\\Log\\LogManager->resolve('default')
#1 /mnt/files/Desktop/datashaman/tongs/twig/vendor/illuminate/log/LogManager.php(98): Illuminate\\Log\\LogManager->get('default')
#2 /mnt/files/Desktop/datashaman/tongs/twig/vendor/illuminate/log/LogManager.php(591): Illuminate\\Log\\LogManager->driver()
#3 /mnt/files/Desktop/datashaman/tongs/twig/vendor/illuminate/support/Facades/Facade.php(261): Illuminate\\Log\\LogManager->info('Put file', Array)
#4 /mnt/files/Desktop/datashaman/tongs/twig/vendor/datashaman/tongs/app/Tongs.php(399): Illuminate\\Support\\Facades\\Facade::__callStatic('info', Array)
#5 /mnt/files/Desktop/datashaman/tongs/twig/vendor/datashaman/tongs/app/Tongs.php(360): Datashaman\\Tongs\\Tongs->writeFile('index.md', Array)
#6 /mnt/files/Desktop/datashaman/tongs/twig/vendor/datashaman/tongs/app/Tongs.php(265): Datashaman\\Tongs\\Tongs->write(Array)
#7 /mnt/files/Desktop/datashaman/tongs/twig/tests/TwigPluginTest.php(18): Datashaman\\Tongs\\Tongs->build()
#8 /mnt/files/Desktop/datashaman/tongs/twig/vendor/phpunit/phpunit/src/Framework/TestCase.php(1408): Datashaman\\Tongs\\Plugins\\Tests\\TwigPluginTest->testHandle()
#9 /mnt/files/Desktop/datashaman/tongs/twig/vendor/phpunit/phpunit/src/Framework/TestCase.php(1028): PHPUnit\\Framework\\TestCase->runTest()
#10 /mnt/files/Desktop/datashaman/tongs/twig/vendor/phpunit/phpunit/src/Framework/TestResult.php(691): PHPUnit\\Framework\\TestCase->runBare()
#11 /mnt/files/Desktop/datashaman/tongs/twig/vendor/phpunit/phpunit/src/Framework/TestCase.php(756): PHPUnit\\Framework\\TestResult->run(Object(Datashaman\\Tongs\\Plugins\\Tests\\TwigPluginTest))
#12 /mnt/files/Desktop/datashaman/tongs/twig/vendor/phpunit/phpunit/src/Framework/TestSuite.php(597): PHPUnit\\Framework\\TestCase->run(Object(PHPUnit\\Framework\\TestResult))
#13 /mnt/files/Desktop/datashaman/tongs/twig/vendor/phpunit/phpunit/src/Framework/TestSuite.php(597): PHPUnit\\Framework\\TestSuite->run(Object(PHPUnit\\Framework\\TestResult))
#14 /mnt/files/Desktop/datashaman/tongs/twig/vendor/phpunit/phpunit/src/TextUI/TestRunner.php(621): PHPUnit\\Framework\\TestSuite->run(Object(PHPUnit\\Framework\\TestResult))
#15 /mnt/files/Desktop/datashaman/tongs/twig/vendor/phpunit/phpunit/src/TextUI/Command.php(200): PHPUnit\\TextUI\\TestRunner->doRun(Object(PHPUnit\\Framework\\TestSuite), Array, true)
#16 /mnt/files/Desktop/datashaman/tongs/twig/vendor/phpunit/phpunit/src/TextUI/Command.php(159): PHPUnit\\TextUI\\Command->run(Array, true)
#17 /mnt/files/Desktop/datashaman/tongs/twig/vendor/phpunit/phpunit/phpunit(61): PHPUnit\\TextUI\\Command::main()
#18 {main}
"} 
[2020-01-31 05:32:45] laravel.INFO: Put file {"path":"index.md","result":true} 
